\BOOKMARK [1][-]{section.1}{\376\377\225\356\230\230\221\315\217\360}{}% 1
\BOOKMARK [2][-]{subsection.1.1}{\376\377\225\356\230\230\200\314\146\157}{section.1}% 2
\BOOKMARK [2][-]{subsection.1.2}{\376\377\225\356\230\230\221\315\217\360}{section.1}% 3
\BOOKMARK [1][-]{section.2}{\376\377\225\356\230\230\122\006\147\220}{}% 4
\BOOKMARK [2][-]{subsection.2.1}{\376\377\225\356\230\230\116\000\166\204\122\006\147\220}{section.2}% 5
\BOOKMARK [2][-]{subsection.2.2}{\376\377\225\356\230\230\116\214\166\204\122\006\147\220}{section.2}% 6
\BOOKMARK [2][-]{subsection.2.3}{\376\377\225\356\230\230\116\011\166\204\122\006\147\220}{section.2}% 7
\BOOKMARK [1][-]{section.3}{\376\377\152\041\127\213\120\107\213\276\116\016\173\046\123\367\213\364\146\016}{}% 8
\BOOKMARK [2][-]{subsection.3.1}{\376\377\152\041\127\213\120\107\213\276}{section.3}% 9
\BOOKMARK [1][-]{section.4}{\376\377\152\041\127\213\166\204\147\204\136\372}{}% 10
\BOOKMARK [2][-]{subsection.4.1}{\376\377\145\160\143\156\230\204\131\004\164\006}{section.4}% 11
\BOOKMARK [3][-]{subsubsection.4.1.1}{\376\377\213\255\176\303\226\306\145\160\143\156\130\236\137\072\230\204\131\004\164\006}{subsection.4.1}% 12
\BOOKMARK [3][-]{subsubsection.4.1.2}{\376\377\117\177\165\050\160\160\136\246\226\115\176\364}{subsection.4.1}% 13
\BOOKMARK [3][-]{subsubsection.4.1.3}{\376\377\117\177\165\050\166\356\150\007\150\300\155\113\166\204\126\376\120\317\230\204\131\004\164\006}{subsection.4.1}% 14
\BOOKMARK [3][-]{subsubsection.4.1.4}{\376\377\123\273\126\152}{subsection.4.1}% 15
\BOOKMARK [2][-]{subsection.4.2}{\376\377\162\171\137\201\143\320\123\326}{section.4}% 16
\BOOKMARK [3][-]{subsubsection.4.2.1}{\376\377\217\271\177\030\162\171\137\201\143\320\123\326}{subsection.4.2}% 17
\BOOKMARK [3][-]{subsubsection.4.2.2}{\376\377\000H\000O\000G\000\040\124\214\000\040\000L\000B\000P\000\040\166\204\162\171\137\201\143\320\123\326}{subsection.4.2}% 18
\BOOKMARK [2][-]{subsection.4.3}{\376\377\152\041\127\213\166\204\137\025\121\145}{section.4}% 19
\BOOKMARK [3][-]{subsubsection.4.3.1}{\376\377\226\306\142\020\133\146\116\140\152\041\127\213}{subsection.4.3}% 20
\BOOKMARK [3][-]{subsubsection.4.3.2}{\376\377\000K\000N\000N}{subsection.4.3}% 21
\BOOKMARK [3][-]{subsubsection.4.3.3}{\376\377\145\057\143\001\124\021\221\317\147\072}{subsection.4.3}% 22
\BOOKMARK [3][-]{subsubsection.4.3.4}{\376\377\000M\000L\000P\173\227\154\325}{subsection.4.3}% 23
\BOOKMARK [2][-]{subsection.4.4}{\376\377\155\361\136\246\123\167\171\357\171\136\176\317\177\121\176\334\152\041\127\213\122\006\174\173\126\150}{section.4}% 24
\BOOKMARK [3][-]{subsubsection.4.4.1}{\376\377\162\171\137\201\207\215\124\010}{subsection.4.4}% 25
\BOOKMARK [2][-]{subsection.4.5}{\376\377\226\306\142\020\133\146\116\140\152\041\127\213\122\006\174\173\126\150}{section.4}% 26
\BOOKMARK [1][-]{section.5}{\376\377\152\041\127\213\166\204\154\102\211\343\123\312\117\030\123\026}{}% 27
\BOOKMARK [2][-]{subsection.5.1}{\376\377\155\361\136\246\123\167\171\357\171\136\176\317\177\121\176\334\122\006\174\173\152\041\127\213\213\255\176\303\123\312\117\030\123\026}{section.5}% 28
\BOOKMARK [3][-]{subsubsection.5.1.1}{\376\377\152\041\127\213\213\255\176\303}{subsection.5.1}% 29
\BOOKMARK [3][-]{subsubsection.5.1.2}{\376\377\117\030\123\026}{subsection.5.1}% 30
\BOOKMARK [2][-]{subsection.5.2}{\376\377\226\306\142\020\133\146\116\140\152\041\127\213}{section.5}% 31
\BOOKMARK [3][-]{subsubsection.5.2.1}{\376\377\000S\000V\000M\153\143\122\031\123\026\166\204\220\011\142\351}{subsection.5.2}% 32
\BOOKMARK [3][-]{subsubsection.5.2.2}{\376\377\177\121\176\334\207\215\124\010\173\126\165\145\117\030\123\026}{subsection.5.2}% 33
\BOOKMARK [1][-]{section.6}{\376\377\152\041\127\213\166\204\213\304\116\367}{}% 34
\BOOKMARK [2][-]{subsection.6.1}{\376\377\152\041\127\213\166\204\117\030\160\271}{section.6}% 35
\BOOKMARK [2][-]{subsection.6.2}{\376\377\152\041\127\213\166\204\177\072\160\271}{section.6}% 36
\BOOKMARK [2][-]{subsection.6.3}{\376\377\152\041\127\213\166\204\145\071\217\333}{section.6}% 37
\BOOKMARK [2][-]{subsection.6.4}{\376\377\152\041\127\213\166\204\143\250\136\177}{section.6}% 38
\BOOKMARK [1][-]{section.7}{\376\377\226\104\137\125}{}% 39
